2024-07-11 23:34:56,363 - WARNING - Compiled the loaded model, but the compiled metrics have yet to be built. `model.compile_metrics` will be empty until you train or evaluate the model.
2024-07-11 23:34:56,366 - INFO - Model loaded from face_classifier.h5
2024-07-11 23:34:56,841 - INFO - Starting video stream...
2024-07-11 23:34:57,710 - INFO - Recognized known_face_1 with confidence 1.00
2024-07-11 23:34:57,800 - INFO - Recognized known_face_1 with confidence 1.00
2024-07-11 23:34:57,954 - INFO - Recognized known_face_1 with confidence 1.00
2024-07-11 23:34:58,022 - INFO - Recognized known_face_1 with confidence 1.00
2024-07-11 23:34:58,103 - INFO - Recognized known_face_1 with confidence 1.00
2024-07-11 23:34:58,182 - INFO - Recognized known_face_1 with confidence 1.00
2024-07-11 23:34:58,263 - INFO - Recognized known_face_1 with confidence 1.00
2024-07-11 23:34:58,335 - INFO - Recognized known_face_1 with confidence 1.00
2024-07-11 23:34:58,404 - INFO - Recognized known_face_1 with confidence 1.00
2024-07-11 23:34:58,466 - INFO - Recognized known_face_1 with confidence 1.00
2024-07-11 23:34:58,536 - INFO - Recognized known_face_1 with confidence 1.00
2024-07-11 23:34:58,597 - INFO - Recognized known_face_1 with confidence 1.00
2024-07-11 23:34:58,680 - INFO - Recognized known_face_1 with confidence 1.00
2024-07-11 23:34:58,781 - INFO - Recognized known_face_1 with confidence 1.00
2024-07-11 23:34:58,876 - INFO - Recognized known_face_1 with confidence 1.00
2024-07-11 23:34:58,958 - INFO - Recognized known_face_1 with confidence 1.00
2024-07-11 23:34:59,034 - INFO - Recognized known_face_1 with confidence 1.00
2024-07-11 23:34:59,120 - INFO - Recognized known_face_1 with confidence 1.00
2024-07-11 23:34:59,195 - INFO - Recognized known_face_1 with confidence 1.00
2024-07-11 23:35:00,871 - INFO - Recognized known_face_1 with confidence 1.00
2024-07-11 23:35:00,937 - INFO - Recognized known_face_1 with confidence 1.00
2024-07-11 23:35:01,014 - INFO - Recognized known_face_1 with confidence 1.00
2024-07-11 23:35:01,101 - INFO - Recognized known_face_1 with confidence 1.00
2024-07-11 23:35:01,184 - INFO - Recognized known_face_1 with confidence 1.00
2024-07-11 23:35:01,247 - INFO - Recognized known_face_1 with confidence 1.00
2024-07-11 23:35:01,312 - INFO - Recognized known_face_1 with confidence 1.00
2024-07-11 23:35:01,382 - INFO - Recognized known_face_1 with confidence 1.00
2024-07-11 23:35:01,458 - INFO - Recognized known_face_1 with confidence 1.00
2024-07-11 23:35:01,538 - INFO - Recognized known_face_1 with confidence 1.00
2024-07-11 23:35:01,617 - INFO - Recognized known_face_1 with confidence 1.00
2024-07-11 23:35:01,690 - INFO - Recognized known_face_1 with confidence 1.00
2024-07-11 23:35:01,772 - INFO - Recognized known_face_1 with confidence 1.00
2024-07-11 23:35:01,838 - INFO - Recognized known_face_1 with confidence 1.00
2024-07-11 23:35:01,964 - INFO - Recognized known_face_1 with confidence 1.00
2024-07-11 23:35:02,092 - INFO - Recognized known_face_1 with confidence 1.00
2024-07-11 23:35:02,160 - INFO - Recognized known_face_1 with confidence 1.00
2024-07-11 23:35:02,218 - INFO - Recognized known_face_1 with confidence 1.00
2024-07-11 23:35:02,376 - INFO - Recognized known_face_1 with confidence 1.00
2024-07-11 23:35:02,440 - INFO - Recognized known_face_1 with confidence 1.00
2024-07-11 23:35:02,503 - INFO - Recognized known_face_1 with confidence 1.00
2024-07-11 23:35:02,564 - INFO - Recognized known_face_1 with confidence 1.00
2024-07-11 23:35:02,663 - INFO - Recognized known_face_1 with confidence 1.00
2024-07-11 23:35:03,069 - INFO - Recognized known_face_1 with confidence 1.00
2024-07-11 23:35:03,136 - INFO - Recognized known_face_1 with confidence 1.00
2024-07-11 23:35:03,198 - INFO - Recognized known_face_1 with confidence 1.00
2024-07-11 23:35:03,266 - INFO - Recognized known_face_1 with confidence 1.00
2024-07-11 23:35:03,358 - INFO - Recognized known_face_1 with confidence 1.00
2024-07-11 23:35:03,420 - INFO - Recognized known_face_1 with confidence 1.00
2024-07-11 23:35:03,486 - INFO - Recognized known_face_1 with confidence 1.00
2024-07-11 23:35:03,563 - INFO - Recognized known_face_1 with confidence 1.00
2024-07-11 23:35:03,630 - INFO - Recognized known_face_1 with confidence 1.00
2024-07-11 23:35:03,698 - INFO - Recognized known_face_1 with confidence 1.00
2024-07-11 23:35:03,765 - INFO - Recognized known_face_1 with confidence 1.00
2024-07-11 23:35:03,827 - INFO - Recognized known_face_1 with confidence 1.00
2024-07-11 23:35:03,889 - INFO - Recognized known_face_1 with confidence 1.00
2024-07-11 23:35:03,950 - INFO - Recognized known_face_1 with confidence 1.00
2024-07-11 23:35:04,009 - INFO - Recognized known_face_1 with confidence 1.00
2024-07-11 23:35:04,075 - INFO - Recognized known_face_1 with confidence 1.00
2024-07-11 23:35:04,144 - INFO - Recognized known_face_1 with confidence 1.00
2024-07-11 23:35:04,215 - INFO - Recognized known_face_1 with confidence 1.00
2024-07-11 23:35:04,274 - INFO - Recognized known_face_1 with confidence 1.00
2024-07-11 23:35:04,340 - INFO - Recognized known_face_1 with confidence 1.00
2024-07-11 23:35:04,409 - INFO - Recognized known_face_1 with confidence 1.00
2024-07-11 23:35:04,480 - INFO - Recognized known_face_1 with confidence 1.00
2024-07-11 23:35:04,545 - INFO - Recognized known_face_1 with confidence 1.00
2024-07-11 23:35:04,607 - INFO - Recognized known_face_1 with confidence 1.00
2024-07-11 23:35:04,676 - INFO - Recognized known_face_1 with confidence 1.00
2024-07-11 23:35:04,745 - INFO - Recognized known_face_1 with confidence 1.00
2024-07-11 23:35:04,812 - INFO - Recognized known_face_1 with confidence 1.00
2024-07-11 23:35:06,009 - INFO - Recognized known_face_1 with confidence 1.00
2024-07-11 23:35:06,067 - INFO - Recognized known_face_1 with confidence 1.00
2024-07-11 23:35:06,128 - INFO - Recognized known_face_1 with confidence 1.00
2024-07-11 23:35:06,194 - INFO - Recognized known_face_1 with confidence 1.00
2024-07-11 23:35:06,262 - INFO - Recognized known_face_1 with confidence 1.00
2024-07-11 23:35:06,334 - INFO - Recognized known_face_1 with confidence 1.00
2024-07-11 23:35:06,398 - INFO - Recognized known_face_1 with confidence 1.00
2024-07-11 23:35:06,465 - INFO - Recognized known_face_1 with confidence 1.00
2024-07-11 23:35:06,529 - INFO - Recognized known_face_1 with confidence 1.00
2024-07-11 23:35:06,591 - INFO - Recognized known_face_1 with confidence 1.00
2024-07-11 23:35:06,650 - INFO - Recognized known_face_1 with confidence 1.00
2024-07-11 23:35:06,720 - INFO - Recognized known_face_1 with confidence 1.00
2024-07-11 23:35:06,778 - INFO - Recognized known_face_1 with confidence 1.00
2024-07-11 23:35:06,841 - INFO - Recognized known_face_1 with confidence 1.00
2024-07-11 23:35:06,905 - INFO - Recognized known_face_1 with confidence 1.00
2024-07-11 23:35:06,983 - INFO - Recognized known_face_1 with confidence 1.00
2024-07-11 23:35:07,050 - INFO - Recognized known_face_1 with confidence 1.00
2024-07-11 23:35:07,111 - INFO - Recognized known_face_1 with confidence 1.00
2024-07-11 23:35:07,173 - INFO - Recognized known_face_1 with confidence 1.00
2024-07-11 23:35:07,242 - INFO - Recognized known_face_1 with confidence 1.00
2024-07-11 23:35:07,316 - INFO - Recognized known_face_1 with confidence 1.00
2024-07-11 23:35:07,378 - INFO - Recognized known_face_1 with confidence 1.00
2024-07-11 23:35:07,439 - INFO - Recognized known_face_1 with confidence 1.00
2024-07-11 23:35:07,512 - INFO - Recognized known_face_1 with confidence 1.00
2024-07-11 23:35:07,583 - INFO - Recognized known_face_1 with confidence 1.00
2024-07-11 23:35:07,647 - INFO - Recognized known_face_1 with confidence 1.00
2024-07-11 23:35:07,710 - INFO - Recognized known_face_1 with confidence 1.00
2024-07-11 23:35:07,775 - INFO - Recognized known_face_1 with confidence 1.00
2024-07-11 23:35:07,834 - INFO - Recognized known_face_1 with confidence 1.00
2024-07-11 23:35:07,898 - INFO - Recognized known_face_1 with confidence 1.00
2024-07-11 23:35:07,962 - INFO - Recognized known_face_1 with confidence 1.00
2024-07-11 23:35:08,025 - INFO - Recognized known_face_1 with confidence 1.00
2024-07-11 23:35:08,087 - INFO - Recognized known_face_1 with confidence 1.00
2024-07-11 23:35:08,152 - INFO - Recognized known_face_1 with confidence 1.00
2024-07-11 23:35:08,213 - INFO - Recognized known_face_1 with confidence 1.00
2024-07-11 23:35:08,278 - INFO - Recognized known_face_1 with confidence 1.00
2024-07-11 23:35:08,341 - INFO - Recognized known_face_1 with confidence 1.00
2024-07-11 23:35:08,404 - INFO - Recognized known_face_1 with confidence 1.00
2024-07-11 23:35:08,467 - INFO - Recognized known_face_1 with confidence 1.00
2024-07-11 23:35:08,536 - INFO - Recognized known_face_1 with confidence 1.00
2024-07-11 23:35:08,607 - INFO - Recognized known_face_1 with confidence 1.00
2024-07-11 23:35:08,674 - INFO - Recognized known_face_1 with confidence 1.00
2024-07-11 23:35:08,742 - INFO - Recognized known_face_1 with confidence 1.00
2024-07-11 23:35:08,809 - INFO - Recognized known_face_1 with confidence 1.00
2024-07-11 23:35:08,873 - INFO - Recognized known_face_1 with confidence 1.00
2024-07-11 23:35:08,935 - INFO - Recognized known_face_1 with confidence 1.00
2024-07-11 23:35:09,009 - INFO - Recognized known_face_1 with confidence 1.00
2024-07-11 23:35:09,080 - INFO - Recognized known_face_1 with confidence 1.00
2024-07-11 23:35:09,117 - INFO - Recognized known_face_1 with confidence 1.00
2024-07-11 23:35:09,118 - INFO - Exiting video stream...
2024-07-11 23:35:09,418 - INFO - Video stream ended
2024-07-11 23:36:36,713 - WARNING - Compiled the loaded model, but the compiled metrics have yet to be built. `model.compile_metrics` will be empty until you train or evaluate the model.
2024-07-11 23:36:36,716 - INFO - Model loaded from face_classifier.h5
2024-07-11 23:36:37,153 - INFO - Starting video stream...
2024-07-11 23:36:37,840 - INFO - Recognized 1202 with confidence 1.00
2024-07-11 23:36:37,934 - INFO - Recognized 1202 with confidence 1.00
2024-07-11 23:36:38,070 - INFO - Recognized 1202 with confidence 1.00
2024-07-11 23:36:38,142 - INFO - Recognized 1202 with confidence 1.00
2024-07-11 23:36:38,209 - INFO - Recognized 1202 with confidence 1.00
2024-07-11 23:36:38,285 - INFO - Recognized 1202 with confidence 1.00
2024-07-11 23:36:38,369 - INFO - Recognized 1202 with confidence 1.00
2024-07-11 23:36:38,434 - INFO - Recognized 1202 with confidence 1.00
2024-07-11 23:36:38,496 - INFO - Recognized 1202 with confidence 1.00
2024-07-11 23:36:38,564 - INFO - Recognized 1202 with confidence 1.00
2024-07-11 23:36:38,638 - INFO - Recognized 1202 with confidence 1.00
2024-07-11 23:36:38,701 - INFO - Recognized 1202 with confidence 1.00
2024-07-11 23:36:38,768 - INFO - Recognized 1202 with confidence 1.00
2024-07-11 23:36:38,826 - INFO - Recognized 1202 with confidence 1.00
2024-07-11 23:36:38,891 - INFO - Recognized 1202 with confidence 1.00
2024-07-11 23:36:38,957 - INFO - Recognized 1202 with confidence 1.00
2024-07-11 23:36:39,017 - INFO - Recognized 1202 with confidence 1.00
2024-07-11 23:36:39,084 - INFO - Recognized 1202 with confidence 1.00
2024-07-11 23:36:39,145 - INFO - Recognized 1202 with confidence 1.00
2024-07-11 23:36:39,212 - INFO - Recognized 1202 with confidence 1.00
2024-07-11 23:36:39,273 - INFO - Recognized 1202 with confidence 1.00
2024-07-11 23:36:39,341 - INFO - Recognized 1202 with confidence 1.00
2024-07-11 23:36:39,433 - INFO - Recognized 1202 with confidence 1.00
2024-07-11 23:36:39,522 - INFO - Recognized 1202 with confidence 1.00
2024-07-11 23:36:39,597 - INFO - Recognized 1202 with confidence 1.00
2024-07-11 23:36:40,170 - INFO - Recognized 1202 with confidence 1.00
2024-07-11 23:36:40,231 - INFO - Recognized 1202 with confidence 1.00
2024-07-11 23:36:40,289 - INFO - Recognized 1202 with confidence 1.00
2024-07-11 23:36:40,355 - INFO - Recognized 1202 with confidence 1.00
2024-07-11 23:36:40,419 - INFO - Recognized 1202 with confidence 1.00
2024-07-11 23:36:40,480 - INFO - Recognized 1202 with confidence 1.00
2024-07-11 23:36:40,545 - INFO - Recognized 1202 with confidence 1.00
2024-07-11 23:36:40,606 - INFO - Recognized 1202 with confidence 1.00
2024-07-11 23:36:40,671 - INFO - Recognized 1202 with confidence 1.00
2024-07-11 23:36:40,733 - INFO - Recognized 1202 with confidence 1.00
2024-07-11 23:36:42,030 - INFO - Recognized 1202 with confidence 1.00
2024-07-11 23:36:42,097 - INFO - Recognized 1202 with confidence 1.00
2024-07-11 23:36:42,160 - INFO - Recognized 1202 with confidence 1.00
2024-07-11 23:36:42,257 - INFO - Recognized 1202 with confidence 1.00
2024-07-11 23:36:42,455 - INFO - Recognized 1202 with confidence 1.00
2024-07-11 23:36:42,516 - INFO - Recognized 1202 with confidence 1.00
2024-07-11 23:36:42,579 - INFO - Recognized 1202 with confidence 1.00
2024-07-11 23:36:42,640 - INFO - Recognized 1202 with confidence 1.00
2024-07-11 23:36:42,706 - INFO - Recognized 1202 with confidence 1.00
2024-07-11 23:36:42,783 - INFO - Recognized 1202 with confidence 1.00
2024-07-11 23:36:42,848 - INFO - Recognized 1202 with confidence 1.00
2024-07-11 23:36:42,913 - INFO - Recognized 1202 with confidence 1.00
2024-07-11 23:36:42,982 - INFO - Recognized 1202 with confidence 1.00
2024-07-11 23:36:43,045 - INFO - Recognized 1202 with confidence 1.00
2024-07-11 23:36:43,105 - INFO - Recognized 1202 with confidence 1.00
2024-07-11 23:36:43,169 - INFO - Recognized 1202 with confidence 1.00
2024-07-11 23:36:43,230 - INFO - Recognized 1202 with confidence 1.00
2024-07-11 23:36:43,295 - INFO - Recognized 1202 with confidence 1.00
2024-07-11 23:36:43,357 - INFO - Recognized 1202 with confidence 1.00
2024-07-11 23:36:43,416 - INFO - Recognized 1202 with confidence 1.00
2024-07-11 23:36:43,479 - INFO - Recognized 1202 with confidence 1.00
2024-07-11 23:36:43,549 - INFO - Recognized 1202 with confidence 1.00
2024-07-11 23:36:43,610 - INFO - Recognized 1202 with confidence 1.00
2024-07-11 23:36:43,672 - INFO - Recognized 1202 with confidence 1.00
2024-07-11 23:36:43,741 - INFO - Recognized 1202 with confidence 1.00
2024-07-11 23:36:43,804 - INFO - Recognized 1202 with confidence 1.00
2024-07-11 23:36:43,865 - INFO - Recognized 1202 with confidence 1.00
2024-07-11 23:36:43,929 - INFO - Recognized 1202 with confidence 1.00
2024-07-11 23:36:44,004 - INFO - Recognized 1202 with confidence 1.00
2024-07-11 23:36:44,071 - INFO - Recognized 1202 with confidence 1.00
2024-07-11 23:36:44,133 - INFO - Recognized 1202 with confidence 1.00
2024-07-11 23:36:44,206 - INFO - Recognized 1202 with confidence 1.00
2024-07-11 23:36:44,268 - INFO - Recognized 1202 with confidence 1.00
2024-07-11 23:36:44,334 - INFO - Recognized 1202 with confidence 1.00
2024-07-11 23:36:44,394 - INFO - Recognized 1202 with confidence 1.00
2024-07-11 23:36:44,460 - INFO - Recognized 1202 with confidence 1.00
2024-07-11 23:36:44,538 - INFO - Recognized 1202 with confidence 1.00
2024-07-11 23:36:44,612 - INFO - Recognized 1202 with confidence 1.00
2024-07-11 23:36:44,678 - INFO - Recognized 1202 with confidence 1.00
2024-07-11 23:36:44,738 - INFO - Recognized 1202 with confidence 1.00
2024-07-11 23:36:44,806 - INFO - Recognized 1202 with confidence 1.00
2024-07-11 23:36:44,884 - INFO - Recognized 1202 with confidence 1.00
2024-07-11 23:36:44,947 - INFO - Recognized 1202 with confidence 1.00
2024-07-11 23:36:45,021 - INFO - Recognized 1202 with confidence 1.00
2024-07-11 23:36:45,083 - INFO - Recognized 1202 with confidence 1.00
2024-07-11 23:36:45,118 - INFO - Recognized 1202 with confidence 1.00
2024-07-11 23:36:45,183 - INFO - Recognized 1202 with confidence 1.00
2024-07-11 23:36:45,224 - INFO - Recognized 1202 with confidence 1.00
2024-07-11 23:36:45,290 - INFO - Recognized 1202 with confidence 1.00
2024-07-11 23:36:45,326 - INFO - Recognized 1202 with confidence 1.00
2024-07-11 23:36:45,400 - INFO - Recognized 1202 with confidence 1.00
2024-07-11 23:36:45,445 - INFO - Recognized 1202 with confidence 1.00
2024-07-11 23:36:45,510 - INFO - Recognized 1202 with confidence 1.00
2024-07-11 23:36:45,547 - INFO - Recognized 1202 with confidence 1.00
2024-07-11 23:36:45,620 - INFO - Recognized 1202 with confidence 1.00
2024-07-11 23:36:45,661 - INFO - Recognized 1202 with confidence 1.00
2024-07-11 23:36:45,729 - INFO - Recognized 1202 with confidence 1.00
2024-07-11 23:36:45,770 - INFO - Recognized 1202 with confidence 1.00
2024-07-11 23:36:45,840 - INFO - Recognized 1202 with confidence 1.00
2024-07-11 23:36:45,879 - INFO - Recognized 1202 with confidence 1.00
2024-07-11 23:36:45,946 - INFO - Recognized 1202 with confidence 1.00
2024-07-11 23:36:45,982 - INFO - Recognized 1202 with confidence 1.00
2024-07-11 23:36:46,041 - INFO - Recognized 1202 with confidence 1.00
2024-07-11 23:36:46,083 - INFO - Recognized 1202 with confidence 1.00
2024-07-11 23:36:46,156 - INFO - Recognized 1202 with confidence 1.00
2024-07-11 23:36:46,192 - INFO - Recognized 1202 with confidence 1.00
2024-07-11 23:36:46,264 - INFO - Recognized 1202 with confidence 1.00
2024-07-11 23:36:46,327 - INFO - Recognized 1202 with confidence 1.00
2024-07-11 23:36:46,391 - INFO - Recognized 1202 with confidence 1.00
2024-07-11 23:36:46,428 - INFO - Recognized 1202 with confidence 1.00
2024-07-11 23:36:46,505 - INFO - Recognized 1202 with confidence 1.00
2024-07-11 23:36:46,579 - INFO - Recognized 1202 with confidence 1.00
2024-07-11 23:36:46,615 - INFO - Recognized 1202 with confidence 1.00
2024-07-11 23:36:46,690 - INFO - Recognized 1202 with confidence 1.00
2024-07-11 23:36:46,728 - INFO - Recognized 1202 with confidence 1.00
2024-07-11 23:36:46,804 - INFO - Recognized 1202 with confidence 1.00
2024-07-11 23:36:46,889 - INFO - Recognized 1202 with confidence 1.00
2024-07-11 23:36:46,967 - INFO - Recognized 1202 with confidence 1.00
2024-07-11 23:36:47,035 - INFO - Recognized 1202 with confidence 1.00
2024-07-11 23:36:47,100 - INFO - Recognized 1202 with confidence 1.00
2024-07-11 23:36:47,162 - INFO - Recognized 1202 with confidence 1.00
2024-07-11 23:36:47,234 - INFO - Recognized 1202 with confidence 1.00
2024-07-11 23:36:47,308 - INFO - Recognized 1202 with confidence 1.00
2024-07-11 23:36:47,389 - INFO - Recognized 1202 with confidence 1.00
2024-07-11 23:36:47,458 - INFO - Recognized 1202 with confidence 1.00
2024-07-11 23:36:47,522 - INFO - Recognized 1202 with confidence 1.00
2024-07-11 23:36:47,585 - INFO - Recognized 1202 with confidence 1.00
2024-07-11 23:36:47,648 - INFO - Recognized 1202 with confidence 1.00
2024-07-11 23:36:47,711 - INFO - Recognized 1202 with confidence 1.00
2024-07-11 23:36:47,773 - INFO - Recognized 1202 with confidence 1.00
2024-07-11 23:36:47,839 - INFO - Recognized 1202 with confidence 1.00
2024-07-11 23:36:47,914 - INFO - Recognized 1202 with confidence 1.00
2024-07-11 23:36:47,983 - INFO - Recognized 1202 with confidence 1.00
2024-07-11 23:36:48,059 - INFO - Recognized 1202 with confidence 1.00
2024-07-11 23:36:48,098 - INFO - Recognized 1202 with confidence 1.00
2024-07-11 23:36:48,170 - INFO - Recognized 1202 with confidence 1.00
2024-07-11 23:36:48,211 - INFO - Recognized 1202 with confidence 1.00
2024-07-11 23:36:48,248 - INFO - Recognized 1202 with confidence 1.00
2024-07-11 23:36:48,309 - INFO - Recognized 1202 with confidence 1.00
2024-07-11 23:36:48,346 - INFO - Recognized 1202 with confidence 1.00
2024-07-11 23:36:48,426 - INFO - Recognized 1202 with confidence 1.00
2024-07-11 23:36:48,467 - INFO - Recognized 1202 with confidence 1.00
2024-07-11 23:36:48,528 - INFO - Recognized 1202 with confidence 1.00
2024-07-11 23:36:48,593 - INFO - Recognized 1202 with confidence 1.00
2024-07-11 23:36:48,661 - INFO - Recognized 1202 with confidence 1.00
2024-07-11 23:36:48,735 - INFO - Recognized 1202 with confidence 1.00
2024-07-11 23:36:48,796 - INFO - Recognized 1202 with confidence 1.00
2024-07-11 23:36:48,859 - INFO - Recognized 1202 with confidence 1.00
2024-07-11 23:36:48,926 - INFO - Recognized 1202 with confidence 1.00
2024-07-11 23:36:49,005 - INFO - Recognized 1202 with confidence 1.00
2024-07-11 23:36:49,079 - INFO - Recognized 1202 with confidence 1.00
2024-07-11 23:36:49,145 - INFO - Recognized 1202 with confidence 1.00
2024-07-11 23:36:49,220 - INFO - Recognized 1202 with confidence 1.00
2024-07-11 23:36:49,281 - INFO - Recognized 1202 with confidence 1.00
2024-07-11 23:36:49,349 - INFO - Recognized 1202 with confidence 1.00
2024-07-11 23:36:49,426 - INFO - Recognized 1202 with confidence 1.00
2024-07-11 23:36:49,488 - INFO - Recognized 1202 with confidence 1.00
2024-07-11 23:36:49,549 - INFO - Recognized 1202 with confidence 1.00
2024-07-11 23:36:49,617 - INFO - Recognized 1202 with confidence 1.00
2024-07-11 23:36:49,688 - INFO - Recognized 1202 with confidence 1.00
2024-07-11 23:36:49,753 - INFO - Recognized 1202 with confidence 1.00
2024-07-11 23:36:49,821 - INFO - Recognized 1202 with confidence 1.00
2024-07-11 23:36:49,886 - INFO - Recognized 1202 with confidence 1.00
2024-07-11 23:36:49,959 - INFO - Recognized 1202 with confidence 1.00
2024-07-11 23:36:50,028 - INFO - Recognized 1202 with confidence 1.00
2024-07-11 23:36:50,100 - INFO - Recognized 1202 with confidence 1.00
2024-07-11 23:36:50,164 - INFO - Recognized 1202 with confidence 1.00
2024-07-11 23:36:50,224 - INFO - Recognized 1202 with confidence 1.00
2024-07-11 23:36:50,307 - INFO - Recognized 1202 with confidence 1.00
2024-07-11 23:36:50,345 - INFO - Recognized 1202 with confidence 1.00
2024-07-11 23:36:50,414 - INFO - Recognized 1202 with confidence 1.00
2024-07-11 23:36:50,451 - INFO - Recognized 1202 with confidence 1.00
2024-07-11 23:36:50,490 - INFO - Recognized 1202 with confidence 1.00
2024-07-11 23:36:50,560 - INFO - Recognized 1202 with confidence 1.00
2024-07-11 23:36:50,602 - INFO - Recognized 1202 with confidence 1.00
2024-07-11 23:36:50,667 - INFO - Recognized 1202 with confidence 1.00
2024-07-11 23:36:50,704 - INFO - Recognized 1202 with confidence 1.00
2024-07-11 23:36:50,772 - INFO - Recognized 1202 with confidence 1.00
2024-07-11 23:36:50,812 - INFO - Recognized 1202 with confidence 1.00
2024-07-11 23:36:50,883 - INFO - Recognized 1202 with confidence 1.00
2024-07-11 23:36:50,919 - INFO - Recognized 1202 with confidence 1.00
2024-07-11 23:36:50,993 - INFO - Recognized 1202 with confidence 1.00
2024-07-11 23:36:51,032 - INFO - Recognized 1202 with confidence 1.00
2024-07-11 23:36:51,099 - INFO - Recognized 1202 with confidence 1.00
2024-07-11 23:36:51,136 - INFO - Recognized 1202 with confidence 1.00
2024-07-11 23:36:51,210 - INFO - Recognized 1202 with confidence 1.00
2024-07-11 23:36:51,251 - INFO - Recognized 1202 with confidence 1.00
2024-07-11 23:36:51,316 - INFO - Recognized 1202 with confidence 1.00
2024-07-11 23:36:51,352 - INFO - Recognized 1202 with confidence 1.00
2024-07-11 23:36:51,428 - INFO - Recognized 1202 with confidence 1.00
2024-07-11 23:36:51,472 - INFO - Recognized 1202 with confidence 1.00
2024-07-11 23:36:51,533 - INFO - Recognized 1202 with confidence 1.00
2024-07-11 23:36:51,599 - INFO - Recognized 1202 with confidence 1.00
2024-07-11 23:36:51,665 - INFO - Recognized 1202 with confidence 1.00
2024-07-11 23:36:51,740 - INFO - Recognized 1202 with confidence 1.00
2024-07-11 23:36:51,800 - INFO - Recognized 1202 with confidence 1.00
2024-07-11 23:36:51,867 - INFO - Recognized 1202 with confidence 1.00
2024-07-11 23:36:51,906 - INFO - Recognized 1202 with confidence 1.00
2024-07-11 23:36:51,970 - INFO - Recognized 1202 with confidence 1.00
2024-07-11 23:36:52,007 - INFO - Recognized 1202 with confidence 1.00
2024-07-11 23:36:52,085 - INFO - Recognized 1202 with confidence 1.00
2024-07-11 23:36:52,125 - INFO - Recognized 1202 with confidence 1.00
2024-07-11 23:36:52,193 - INFO - Recognized 1202 with confidence 1.00
2024-07-11 23:36:52,229 - INFO - Recognized 1202 with confidence 1.00
2024-07-11 23:36:52,302 - INFO - Recognized 1202 with confidence 1.00
2024-07-11 23:36:52,346 - INFO - Recognized 1202 with confidence 1.00
2024-07-11 23:36:52,417 - INFO - Recognized 1202 with confidence 1.00
2024-07-11 23:36:52,455 - INFO - Recognized 1202 with confidence 1.00
2024-07-11 23:36:52,522 - INFO - Recognized 1202 with confidence 1.00
2024-07-11 23:36:52,584 - INFO - Recognized 1202 with confidence 1.00
2024-07-11 23:36:52,648 - INFO - Recognized 1202 with confidence 1.00
2024-07-11 23:36:52,714 - INFO - Recognized 1202 with confidence 1.00
2024-07-11 23:36:52,792 - INFO - Recognized 1202 with confidence 1.00
2024-07-11 23:36:52,852 - INFO - Recognized 1202 with confidence 1.00
2024-07-11 23:36:52,913 - INFO - Recognized 1202 with confidence 1.00
2024-07-11 23:36:52,977 - INFO - Recognized 1202 with confidence 1.00
2024-07-11 23:36:53,049 - INFO - Recognized 1202 with confidence 1.00
2024-07-11 23:36:53,121 - INFO - Recognized 1202 with confidence 1.00
2024-07-11 23:36:53,185 - INFO - Recognized 1202 with confidence 1.00
2024-07-11 23:36:53,262 - INFO - Recognized 1202 with confidence 1.00
2024-07-11 23:36:53,329 - INFO - Recognized 1202 with confidence 1.00
2024-07-11 23:36:53,407 - INFO - Recognized 1202 with confidence 1.00
2024-07-11 23:36:53,488 - INFO - Recognized 1202 with confidence 1.00
2024-07-11 23:36:53,564 - INFO - Recognized 1202 with confidence 1.00
2024-07-11 23:36:53,640 - INFO - Recognized 1202 with confidence 1.00
2024-07-11 23:36:53,700 - INFO - Recognized 1202 with confidence 1.00
2024-07-11 23:36:53,764 - INFO - Recognized 1202 with confidence 1.00
2024-07-11 23:36:53,824 - INFO - Recognized 1202 with confidence 1.00
2024-07-11 23:36:53,889 - INFO - Recognized 1202 with confidence 1.00
2024-07-11 23:36:53,955 - INFO - Recognized 1202 with confidence 1.00
2024-07-11 23:36:54,019 - INFO - Recognized 1202 with confidence 1.00
2024-07-11 23:36:54,097 - INFO - Recognized 1202 with confidence 1.00
2024-07-11 23:36:54,175 - INFO - Recognized 1202 with confidence 1.00
2024-07-11 23:36:54,239 - INFO - Recognized 1202 with confidence 1.00
2024-07-11 23:36:54,313 - INFO - Recognized 1202 with confidence 1.00
2024-07-11 23:36:54,380 - INFO - Recognized 1202 with confidence 1.00
2024-07-11 23:36:54,458 - INFO - Recognized 1202 with confidence 1.00
2024-07-11 23:36:54,516 - INFO - Recognized 1202 with confidence 1.00
2024-07-11 23:36:54,579 - INFO - Recognized 1202 with confidence 1.00
2024-07-11 23:36:54,654 - INFO - Recognized 1202 with confidence 1.00
2024-07-11 23:36:54,692 - INFO - Recognized 1202 with confidence 1.00
2024-07-11 23:36:54,754 - INFO - Recognized 1202 with confidence 1.00
2024-07-11 23:36:54,791 - INFO - Recognized 1202 with confidence 1.00
2024-07-11 23:36:54,865 - INFO - Recognized 1202 with confidence 1.00
2024-07-11 23:36:54,929 - INFO - Recognized 1202 with confidence 1.00
2024-07-11 23:36:55,003 - INFO - Recognized 1202 with confidence 1.00
2024-07-11 23:36:55,040 - INFO - Recognized 1202 with confidence 1.00
2024-07-11 23:36:55,124 - INFO - Recognized 1202 with confidence 1.00
2024-07-11 23:36:55,191 - INFO - Recognized 1202 with confidence 1.00
2024-07-11 23:36:55,259 - INFO - Recognized 1202 with confidence 1.00
2024-07-11 23:36:55,333 - INFO - Recognized 1202 with confidence 1.00
2024-07-11 23:36:55,399 - INFO - Recognized 1202 with confidence 1.00
2024-07-11 23:36:55,473 - INFO - Recognized 1202 with confidence 1.00
2024-07-11 23:36:55,536 - INFO - Recognized 1202 with confidence 1.00
2024-07-11 23:36:55,603 - INFO - Recognized 1202 with confidence 1.00
2024-07-11 23:36:55,715 - INFO - Recognized 1202 with confidence 1.00
2024-07-11 23:36:55,791 - INFO - Recognized 1202 with confidence 1.00
2024-07-11 23:36:55,864 - INFO - Recognized 1202 with confidence 1.00
2024-07-11 23:36:55,899 - INFO - Recognized 1202 with confidence 1.00
2024-07-11 23:36:55,959 - INFO - Recognized 1202 with confidence 1.00
2024-07-11 23:36:55,994 - INFO - Recognized 1202 with confidence 1.00
2024-07-11 23:36:56,070 - INFO - Recognized 1202 with confidence 1.00
2024-07-11 23:36:56,107 - INFO - Recognized 1202 with confidence 1.00
2024-07-11 23:36:56,180 - INFO - Recognized 1202 with confidence 1.00
2024-07-11 23:36:56,216 - INFO - Recognized 1202 with confidence 1.00
2024-07-11 23:36:56,293 - INFO - Recognized 1202 with confidence 1.00
2024-07-11 23:36:56,368 - INFO - Recognized 1202 with confidence 1.00
2024-07-11 23:36:56,405 - INFO - Recognized 1202 with confidence 1.00
2024-07-11 23:36:56,486 - INFO - Recognized 1202 with confidence 1.00
2024-07-11 23:36:56,557 - INFO - Recognized 1202 with confidence 1.00
2024-07-11 23:36:56,621 - INFO - Recognized 1202 with confidence 1.00
2024-07-11 23:36:56,685 - INFO - Recognized 1202 with confidence 1.00
2024-07-11 23:36:56,749 - INFO - Recognized 1202 with confidence 1.00
2024-07-11 23:36:56,812 - INFO - Recognized 1202 with confidence 1.00
2024-07-11 23:36:56,876 - INFO - Recognized 1202 with confidence 1.00
2024-07-11 23:36:56,937 - INFO - Recognized 1202 with confidence 1.00
2024-07-11 23:36:57,069 - INFO - Recognized 1202 with confidence 1.00
2024-07-11 23:36:57,147 - INFO - Recognized 1202 with confidence 1.00
2024-07-11 23:36:57,223 - INFO - Recognized 1202 with confidence 1.00
2024-07-11 23:36:57,282 - INFO - Recognized 1202 with confidence 1.00
2024-07-11 23:36:57,352 - INFO - Recognized 1202 with confidence 1.00
2024-07-11 23:36:57,431 - INFO - Recognized 1202 with confidence 1.00
2024-07-11 23:36:57,522 - INFO - Recognized 1202 with confidence 1.00
2024-07-11 23:36:57,591 - INFO - Recognized 1202 with confidence 1.00
2024-07-11 23:36:57,626 - INFO - Recognized 1202 with confidence 1.00
2024-07-11 23:36:57,696 - INFO - Recognized 1202 with confidence 1.00
2024-07-11 23:36:57,731 - INFO - Recognized 1202 with confidence 1.00
2024-07-11 23:36:57,809 - INFO - Recognized 1202 with confidence 1.00
2024-07-11 23:36:57,885 - INFO - Recognized 1202 with confidence 1.00
2024-07-11 23:36:57,948 - INFO - Recognized 1202 with confidence 1.00
2024-07-11 23:36:57,987 - INFO - Recognized 1202 with confidence 1.00
2024-07-11 23:36:58,061 - INFO - Recognized 1202 with confidence 1.00
2024-07-11 23:36:58,137 - INFO - Recognized 1202 with confidence 1.00
2024-07-11 23:36:58,205 - INFO - Recognized 1202 with confidence 1.00
2024-07-11 23:36:58,245 - INFO - Recognized 1202 with confidence 1.00
2024-07-11 23:36:58,314 - INFO - Recognized 1202 with confidence 1.00
2024-07-11 23:36:58,390 - INFO - Recognized 1202 with confidence 1.00
2024-07-11 23:36:58,468 - INFO - Recognized 1202 with confidence 1.00
2024-07-11 23:36:58,535 - INFO - Recognized 1202 with confidence 1.00
2024-07-11 23:36:58,606 - INFO - Recognized 1202 with confidence 1.00
2024-07-11 23:36:58,674 - INFO - Recognized 1202 with confidence 1.00
2024-07-11 23:36:58,755 - INFO - Recognized 1202 with confidence 1.00
2024-07-11 23:36:58,835 - INFO - Recognized 1202 with confidence 1.00
2024-07-11 23:36:58,912 - INFO - Recognized 1202 with confidence 1.00
2024-07-11 23:36:58,986 - INFO - Recognized 1202 with confidence 1.00
2024-07-11 23:36:59,049 - INFO - Recognized 1202 with confidence 1.00
2024-07-11 23:36:59,113 - INFO - Recognized 1202 with confidence 1.00
2024-07-11 23:36:59,195 - INFO - Recognized 1202 with confidence 1.00
2024-07-11 23:36:59,268 - INFO - Recognized 1202 with confidence 1.00
2024-07-11 23:36:59,351 - INFO - Recognized 1202 with confidence 1.00
2024-07-11 23:36:59,421 - INFO - Recognized 1202 with confidence 1.00
2024-07-11 23:36:59,461 - INFO - Recognized 1202 with confidence 1.00
2024-07-11 23:36:59,535 - INFO - Recognized 1202 with confidence 1.00
2024-07-11 23:36:59,609 - INFO - Recognized 1202 with confidence 1.00
2024-07-11 23:36:59,673 - INFO - Recognized 1202 with confidence 1.00
2024-07-11 23:36:59,739 - INFO - Recognized 1202 with confidence 1.00
2024-07-11 23:36:59,813 - INFO - Recognized 1202 with confidence 1.00
2024-07-11 23:36:59,882 - INFO - Recognized 1202 with confidence 1.00
2024-07-11 23:36:59,953 - INFO - Recognized 1202 with confidence 1.00
2024-07-11 23:37:00,019 - INFO - Recognized 1202 with confidence 1.00
2024-07-11 23:37:00,090 - INFO - Recognized 1202 with confidence 1.00
2024-07-11 23:37:00,170 - INFO - Recognized 1202 with confidence 1.00
2024-07-11 23:37:00,241 - INFO - Recognized 1202 with confidence 1.00
2024-07-11 23:37:00,304 - INFO - Recognized 1202 with confidence 1.00
2024-07-11 23:37:00,365 - INFO - Recognized 1202 with confidence 1.00
2024-07-11 23:37:00,429 - INFO - Recognized 1202 with confidence 1.00
2024-07-11 23:37:00,495 - INFO - Recognized 1202 with confidence 1.00
2024-07-11 23:37:00,567 - INFO - Recognized 1202 with confidence 1.00
2024-07-11 23:37:00,606 - INFO - Recognized 1202 with confidence 1.00
2024-07-11 23:37:00,684 - INFO - Recognized 1202 with confidence 1.00
2024-07-11 23:37:00,720 - INFO - Recognized 1202 with confidence 1.00
2024-07-11 23:37:00,801 - INFO - Recognized 1202 with confidence 1.00
2024-07-11 23:37:00,838 - INFO - Recognized 1202 with confidence 1.00
2024-07-11 23:37:00,906 - INFO - Recognized 1202 with confidence 1.00
2024-07-11 23:37:00,945 - INFO - Recognized 1202 with confidence 1.00
2024-07-11 23:37:01,009 - INFO - Recognized 1202 with confidence 1.00
2024-07-11 23:37:01,046 - INFO - Recognized 1202 with confidence 1.00
2024-07-11 23:37:01,122 - INFO - Recognized 1202 with confidence 1.00
2024-07-11 23:37:01,161 - INFO - Recognized 1202 with confidence 1.00
2024-07-11 23:37:01,237 - INFO - Recognized 1202 with confidence 1.00
2024-07-11 23:37:01,273 - INFO - Recognized 1202 with confidence 1.00
2024-07-11 23:37:01,340 - INFO - Recognized 1202 with confidence 1.00
2024-07-11 23:37:01,376 - INFO - Recognized 1202 with confidence 1.00
2024-07-11 23:37:01,457 - INFO - Recognized 1202 with confidence 1.00
2024-07-11 23:37:01,495 - INFO - Recognized 1202 with confidence 1.00
2024-07-11 23:37:01,567 - INFO - Recognized 1202 with confidence 1.00
2024-07-11 23:37:01,648 - INFO - Recognized 1202 with confidence 1.00
2024-07-11 23:37:01,719 - INFO - Recognized 1202 with confidence 1.00
2024-07-11 23:37:01,802 - INFO - Recognized 1202 with confidence 1.00
2024-07-11 23:37:01,873 - INFO - Recognized 1202 with confidence 1.00
2024-07-11 23:37:01,939 - INFO - Recognized 1202 with confidence 1.00
2024-07-11 23:37:02,017 - INFO - Recognized 1202 with confidence 1.00
2024-07-11 23:37:02,093 - INFO - Recognized 1202 with confidence 1.00
2024-07-11 23:37:02,134 - INFO - Recognized 1202 with confidence 1.00
2024-07-11 23:37:02,209 - INFO - Recognized 1202 with confidence 1.00
2024-07-11 23:37:02,285 - INFO - Recognized 1202 with confidence 1.00
2024-07-11 23:37:02,371 - INFO - Recognized 1202 with confidence 1.00
2024-07-11 23:37:02,440 - INFO - Recognized 1202 with confidence 1.00
2024-07-11 23:37:02,525 - INFO - Recognized 1202 with confidence 1.00
2024-07-11 23:37:02,609 - INFO - Recognized 1202 with confidence 1.00
2024-07-11 23:37:02,654 - INFO - Recognized 1202 with confidence 1.00
2024-07-11 23:37:02,718 - INFO - Recognized 1202 with confidence 1.00
2024-07-11 23:37:02,754 - INFO - Recognized 1202 with confidence 1.00
2024-07-11 23:37:02,817 - INFO - Recognized 1202 with confidence 1.00
2024-07-11 23:37:02,856 - INFO - Recognized 1202 with confidence 1.00
2024-07-11 23:37:02,856 - INFO - Exiting video stream...
2024-07-11 23:37:03,162 - INFO - Video stream ended
